<?xml version="1.0" encoding="UTF-8" ?>
<testsuite failures="0" time="0.01" errors="1" skipped="0" tests="1" name="com.softtek.academy.test.services.UserServiceImplTest">
  <properties>
[...]
</properties>
  <testcase time="0.01" classname="com.softtek.academy.test.services.UserServiceImplTest" name="initializationError">
    <error message="Neither GenericXmlContextLoader nor AnnotationConfigContextLoader was able to detect defaults, and no ApplicationContextInitializers were declared for context configuration [ContextConfigurationAttributes@5c1b0d41 declaringClass = &apos;com.softtek.academy.test.services.UserServiceImplTest&apos;, classes = &apos;{}&apos;, locations = &apos;{}&apos;, inheritLocations = true, initializers = &apos;{}&apos;, inheritInitializers = true, name = [null], contextLoaderClass = &apos;org.springframework.test.context.ContextLoader&apos;]" type="java.lang.IllegalStateException">java.lang.IllegalStateException: Neither GenericXmlContextLoader nor AnnotationConfigContextLoader was able to detect defaults, and no ApplicationContextInitializers were declared for context configuration [ContextConfigurationAttributes@5c1b0d41 declaringClass = &apos;com.softtek.academy.test.services.UserServiceImplTest&apos;, classes = &apos;{}&apos;, locations = &apos;{}&apos;, inheritLocations = true, initializers = &apos;{}&apos;, inheritInitializers = true, name = [null], contextLoaderClass = &apos;org.springframework.test.context.ContextLoader&apos;]
	at org.springframework.test.context.support.AbstractDelegatingSmartContextLoader.processContextConfiguration(AbstractDelegatingSmartContextLoader.java:201)
	at org.springframework.test.context.ContextLoaderUtils.buildMergedContextConfiguration(ContextLoaderUtils.java:607)
	at org.springframework.test.context.ContextLoaderUtils.buildMergedContextConfiguration(ContextLoaderUtils.java:560)
	at org.springframework.test.context.TestContext.&lt;init&gt;(TestContext.java:98)
	at org.springframework.test.context.TestContextManager.&lt;init&gt;(TestContextManager.java:121)
	at org.springframework.test.context.junit4.SpringJUnit4ClassRunner.createTestContextManager(SpringJUnit4ClassRunner.java:119)
	at org.springframework.test.context.junit4.SpringJUnit4ClassRunner.&lt;init&gt;(SpringJUnit4ClassRunner.java:108)
	at sun.reflect.NativeConstructorAccessorImpl.newInstance0(Native Method)
	at sun.reflect.NativeConstructorAccessorImpl.newInstance(NativeConstructorAccessorImpl.java:57)
	at sun.reflect.DelegatingConstructorAccessorImpl.newInstance(DelegatingConstructorAccessorImpl.java:45)
	at java.lang.reflect.Constructor.newInstance(Constructor.java:526)
	at org.junit.internal.builders.AnnotatedBuilder.buildRunner(AnnotatedBuilder.java:31)
	at org.junit.internal.builders.AnnotatedBuilder.runnerForClass(AnnotatedBuilder.java:24)
	at org.junit.runners.model.RunnerBuilder.safeRunnerForClass(RunnerBuilder.java:57)
	at org.junit.internal.builders.AllDefaultPossibilitiesBuilder.runnerForClass(AllDefaultPossibilitiesBuilder.java:29)
	at org.junit.runners.model.RunnerBuilder.safeRunnerForClass(RunnerBuilder.java:57)
	at org.junit.internal.requests.ClassRequest.getRunner(ClassRequest.java:24)
	at org.apache.maven.surefire.junit4.JUnit4Provider.execute(JUnit4Provider.java:250)
	at org.apache.maven.surefire.junit4.JUnit4Provider.executeTestSet(JUnit4Provider.java:141)
	at org.apache.maven.surefire.junit4.JUnit4Provider.invoke(JUnit4Provider.java:112)
	at sun.reflect.NativeMethodAccessorImpl.invoke0(Native Method)
	at sun.reflect.NativeMethodAccessorImpl.invoke(NativeMethodAccessorImpl.java:57)
	at sun.reflect.DelegatingMethodAccessorImpl.invoke(DelegatingMethodAccessorImpl.java:43)
	at java.lang.reflect.Method.invoke(Method.java:606)
	at org.apache.maven.surefire.util.ReflectionUtils.invokeMethodWithArray(ReflectionUtils.java:189)
	at org.apache.maven.surefire.booter.ProviderFactory$ProviderProxy.invoke(ProviderFactory.java:165)
	at org.apache.maven.surefire.booter.ProviderFactory.invokeProvider(ProviderFactory.java:85)
	at org.apache.maven.surefire.booter.ForkedBooter.runSuitesInProcess(ForkedBooter.java:115)
	at org.apache.maven.surefire.booter.ForkedBooter.main(ForkedBooter.java:75)
</error>
    <system-out>INFO : org.springframework.test.context.support.AbstractContextLoader - Could not detect default resource locations for test class [com.softtek.academy.test.services.UserServiceImplTest]: class path resource [com/softtek/academy/test/services/UserServiceImplTest-context.xml] does not exist
INFO : org.springframework.test.context.support.AnnotationConfigContextLoaderUtils - Could not detect default configuration classes for test class [com.softtek.academy.test.services.UserServiceImplTest]: UserServiceImplTest does not declare any static, non-private, non-final, inner classes annotated with @Configuration.
</system-out>
  </testcase>
</testsuite>